[0307/203952.793:ERROR:process_memory_win.cc(73)] ReadMemory at 0x26d37700000 of 64 bytes failed: Only part of a ReadProcessMemory or WriteProcessMemory request was completed. (0x12B)
[0307/203952.815:WARNING:pe_image_reader.cc(302)] could not read dos header from C:\Program Files (x86)\Google\Chrome\Application\72.0.3626.119\chrome_child.dll
[0307/203952.815:ERROR:process_memory_win.cc(73)] ReadMemory at 0x26d3d070000 of 64 bytes failed: Only part of a ReadProcessMemory or WriteProcessMemory request was completed. (0x12B)
[0307/203952.815:WARNING:pe_image_reader.cc(302)] could not read dos header from C:\WINDOWS\System32\COMDLG32.dll
[0307/203952.869:ERROR:process_memory_win.cc(73)] ReadMemory at 0x26d37293320 of 72 bytes failed: Only part of a ReadProcessMemory or WriteProcessMemory request was completed. (0x12B)
[0307/203952.869:WARNING:pe_image_annotations_reader.cc(133)] could not read annotations list object in C:\Program Files (x86)\Google\Chrome\Application\72.0.3626.119\chrome_elf.dll
[0307/203952.870:ERROR:process_memory_win.cc(73)] ReadMemory at 0x26d37700000 of 64 bytes failed: Only part of a ReadProcessMemory or WriteProcessMemory request was completed. (0x12B)
[0307/203952.870:WARNING:pe_image_reader.cc(302)] could not read dos header from C:\Program Files (x86)\Google\Chrome\Application\72.0.3626.119\chrome_child.dll
[0307/203952.870:ERROR:process_memory_win.cc(73)] ReadMemory at 0x26d3d070000 of 64 bytes failed: Only part of a ReadProcessMemory or WriteProcessMemory request was completed. (0x12B)
[0307/203952.870:WARNING:pe_image_reader.cc(302)] could not read dos header from C:\WINDOWS\System32\COMDLG32.dll
[0307/203953.255:ERROR:process_memory_win.cc(73)] ReadMemory at 0xaf233ec000 of 81920 bytes failed: Only part of a ReadProcessMemory or WriteProcessMemory request was completed. (0x12B)
[0307/203953.255:ERROR:process_memory_win.cc(73)] ReadMemory at 0xaf235fe000 of 8192 bytes failed: Only part of a ReadProcessMemory or WriteProcessMemory request was completed. (0x12B)
[0307/203953.256:ERROR:process_memory_win.cc(73)] ReadMemory at 0xaf239f9000 of 28672 bytes failed: Only part of a ReadProcessMemory or WriteProcessMemory request was completed. (0x12B)
[0307/203953.256:ERROR:process_memory_win.cc(73)] ReadMemory at 0xaf23bfe000 of 8192 bytes failed: Only part of a ReadProcessMemory or WriteProcessMemory request was completed. (0x12B)
[0307/203953.256:ERROR:process_memory_win.cc(73)] ReadMemory at 0xaf23dfe000 of 8192 bytes failed: Only part of a ReadProcessMemory or WriteProcessMemory request was completed. (0x12B)
[0307/203953.256:ERROR:process_memory_win.cc(73)] ReadMemory at 0xaf23ffd000 of 12288 bytes failed: Only part of a ReadProcessMemory or WriteProcessMemory request was completed. (0x12B)
[0307/203953.256:ERROR:process_memory_win.cc(73)] ReadMemory at 0xaf241fe000 of 8192 bytes failed: Only part of a ReadProcessMemory or WriteProcessMemory request was completed. (0x12B)
[0307/203953.256:ERROR:process_memory_win.cc(73)] ReadMemory at 0xaf243fd000 of 12288 bytes failed: Only part of a ReadProcessMemory or WriteProcessMemory request was completed. (0x12B)
[0307/203953.256:ERROR:process_memory_win.cc(73)] ReadMemory at 0xaf245fc000 of 16384 bytes failed: Only part of a ReadProcessMemory or WriteProcessMemory request was completed. (0x12B)
[0307/203953.256:ERROR:process_memory_win.cc(73)] ReadMemory at 0xaf247e8000 of 98304 bytes failed: Only part of a ReadProcessMemory or WriteProcessMemory request was completed. (0x12B)
[0307/203953.257:ERROR:process_memory_win.cc(73)] ReadMemory at 0xaf249e9000 of 94208 bytes failed: Only part of a ReadProcessMemory or WriteProcessMemory request was completed. (0x12B)
[0307/203953.257:ERROR:process_memory_win.cc(73)] ReadMemory at 0xaf24be9000 of 94208 bytes failed: Only part of a ReadProcessMemory or WriteProcessMemory request was completed. (0x12B)
[0307/203953.257:ERROR:process_memory_win.cc(73)] ReadMemory at 0xaf24de8000 of 98304 bytes failed: Only part of a ReadProcessMemory or WriteProcessMemory request was completed. (0x12B)
[0307/203953.258:ERROR:process_memory_win.cc(73)] ReadMemory at 0xaf24ffd000 of 12288 bytes failed: Only part of a ReadProcessMemory or WriteProcessMemory request was completed. (0x12B)
[0307/203953.258:ERROR:process_memory_win.cc(73)] ReadMemory at 0xaf251fe000 of 8192 bytes failed: Only part of a ReadProcessMemory or WriteProcessMemory request was completed. (0x12B)
[0307/203953.258:ERROR:process_memory_win.cc(73)] ReadMemory at 0xaf259fd000 of 12288 bytes failed: Only part of a ReadProcessMemory or WriteProcessMemory request was completed. (0x12B)
[0307/203953.258:ERROR:process_memory_win.cc(73)] ReadMemory at 0xaf25fff000 of 4096 bytes failed: Only part of a ReadProcessMemory or WriteProcessMemory request was completed. (0x12B)
[0307/203953.258:ERROR:process_memory_win.cc(73)] ReadMemory at 0xaf255fd000 of 12288 bytes failed: Only part of a ReadProcessMemory or WriteProcessMemory request was completed. (0x12B)
[0307/203953.258:ERROR:process_memory_win.cc(73)] ReadMemory at 0xaf237fd000 of 12288 bytes failed: Only part of a ReadProcessMemory or WriteProcessMemory request was completed. (0x12B)
[0307/203953.258:ERROR:process_memory_win.cc(73)] ReadMemory at 0xaf253fc000 of 16384 bytes failed: Only part of a ReadProcessMemory or WriteProcessMemory request was completed. (0x12B)
[0307/203953.258:ERROR:process_memory_win.cc(73)] ReadMemory at 0xaf257fd000 of 12288 bytes failed: Only part of a ReadProcessMemory or WriteProcessMemory request was completed. (0x12B)
[0307/203953.258:ERROR:process_memory_win.cc(73)] ReadMemory at 0xaf25bfd000 of 12288 bytes failed: Only part of a ReadProcessMemory or WriteProcessMemory request was completed. (0x12B)
[0307/203953.259:ERROR:process_memory_win.cc(73)] ReadMemory at 0xaf25dfd000 of 12288 bytes failed: Only part of a ReadProcessMemory or WriteProcessMemory request was completed. (0x12B)
[0307/203953.259:ERROR:process_memory_win.cc(73)] ReadMemory at 0xaf261ff000 of 4096 bytes failed: Only part of a ReadProcessMemory or WriteProcessMemory request was completed. (0x12B)
[0307/203953.259:ERROR:process_memory_win.cc(73)] ReadMemory at 0xaf23040000 of 852 bytes failed: Only part of a ReadProcessMemory or WriteProcessMemory request was completed. (0x12B)
[0307/203953.259:ERROR:process_memory_win.cc(73)] ReadMemory at 0xaf23041000 of 6024 bytes failed: Only part of a ReadProcessMemory or WriteProcessMemory request was completed. (0x12B)
[0307/203953.259:ERROR:process_memory_win.cc(73)] ReadMemory at 0xaf23043000 of 6024 bytes failed: Only part of a ReadProcessMemory or WriteProcessMemory request was completed. (0x12B)
[0307/203953.375:ERROR:process_memory_win.cc(73)] ReadMemory at 0xaf23047000 of 6024 bytes failed: Only part of a ReadProcessMemory or WriteProcessMemory request was completed. (0x12B)
[0307/203953.590:ERROR:process_memory_win.cc(73)] ReadMemory at 0xaf23049000 of 6024 bytes failed: Only part of a ReadProcessMemory or WriteProcessMemory request was completed. (0x12B)
[0307/203953.590:ERROR:process_memory_win.cc(73)] ReadMemory at 0xaf2304b000 of 6024 bytes failed: Only part of a ReadProcessMemory or WriteProcessMemory request was completed. (0x12B)
[0307/203953.590:ERROR:process_memory_win.cc(73)] ReadMemory at 0xaf2304d000 of 6024 bytes failed: Only part of a ReadProcessMemory or WriteProcessMemory request was completed. (0x12B)
[0307/203953.590:ERROR:process_memory_win.cc(73)] ReadMemory at 0xaf2304f000 of 6024 bytes failed: Only part of a ReadProcessMemory or WriteProcessMemory request was completed. (0x12B)
[0307/203953.590:ERROR:process_memory_win.cc(73)] ReadMemory at 0xaf23051000 of 6024 bytes failed: Only part of a ReadProcessMemory or WriteProcessMemory request was completed. (0x12B)
[0307/203953.590:ERROR:process_memory_win.cc(73)] ReadMemory at 0xaf23053000 of 6024 bytes failed: Only part of a ReadProcessMemory or WriteProcessMemory request was completed. (0x12B)
[0307/203953.591:ERROR:process_memory_win.cc(73)] ReadMemory at 0xaf23055000 of 6024 bytes failed: Only part of a ReadProcessMemory or WriteProcessMemory request was completed. (0x12B)
[0307/203953.591:ERROR:process_memory_win.cc(73)] ReadMemory at 0xaf23057000 of 6024 bytes failed: Only part of a ReadProcessMemory or WriteProcessMemory request was completed. (0x12B)
[0307/203953.591:ERROR:process_memory_win.cc(73)] ReadMemory at 0xaf23059000 of 6024 bytes failed: Only part of a ReadProcessMemory or WriteProcessMemory request was completed. (0x12B)
[0307/203953.591:ERROR:process_memory_win.cc(73)] ReadMemory at 0xaf2305b000 of 6024 bytes failed: Only part of a ReadProcessMemory or WriteProcessMemory request was completed. (0x12B)
[0307/203953.591:ERROR:process_memory_win.cc(73)] ReadMemory at 0xaf2305d000 of 6024 bytes failed: Only part of a ReadProcessMemory or WriteProcessMemory request was completed. (0x12B)
[0307/203953.591:ERROR:process_memory_win.cc(73)] ReadMemory at 0xaf2306b000 of 6024 bytes failed: Only part of a ReadProcessMemory or WriteProcessMemory request was completed. (0x12B)
[0307/203953.591:ERROR:process_memory_win.cc(73)] ReadMemory at 0xaf23133000 of 6024 bytes failed: Only part of a ReadProcessMemory or WriteProcessMemory request was completed. (0x12B)
[0307/203953.591:ERROR:process_memory_win.cc(73)] ReadMemory at 0xaf23149000 of 6024 bytes failed: Only part of a ReadProcessMemory or WriteProcessMemory request was completed. (0x12B)
[0307/203953.591:ERROR:process_memory_win.cc(73)] ReadMemory at 0xaf2314f000 of 6024 bytes failed: Only part of a ReadProcessMemory or WriteProcessMemory request was completed. (0x12B)
[0307/203953.591:ERROR:process_memory_win.cc(73)] ReadMemory at 0xaf23155000 of 6024 bytes failed: Only part of a ReadProcessMemory or WriteProcessMemory request was completed. (0x12B)
[0307/203953.591:ERROR:process_memory_win.cc(73)] ReadMemory at 0xaf23157000 of 6024 bytes failed: Only part of a ReadProcessMemory or WriteProcessMemory request was completed. (0x12B)
[0307/203953.591:ERROR:process_memory_win.cc(73)] ReadMemory at 0xaf23159000 of 6024 bytes failed: Only part of a ReadProcessMemory or WriteProcessMemory request was completed. (0x12B)
[0307/203953.591:ERROR:process_memory_win.cc(73)] ReadMemory at 0xaf2315b000 of 6024 bytes failed: Only part of a ReadProcessMemory or WriteProcessMemory request was completed. (0x12B)
[0307/203953.591:ERROR:process_memory_win.cc(73)] ReadMemory at 0xaf2315d000 of 6024 bytes failed: Only part of a ReadProcessMemory or WriteProcessMemory request was completed. (0x12B)
[0307/203953.592:ERROR:process_memory_win.cc(73)] ReadMemory at 0xaf2315f000 of 6024 bytes failed: Only part of a ReadProcessMemory or WriteProcessMemory request was completed. (0x12B)
[0307/203953.592:ERROR:process_memory_win.cc(73)] ReadMemory at 0x26d37020ad0 of 512 bytes failed: Only part of a ReadProcessMemory or WriteProcessMemory request was completed. (0x12B)
[0307/203953.616:ERROR:process_memory_win.cc(73)] ReadMemory at 0x26d37020fe0 of 19360 bytes failed: Only part of a ReadProcessMemory or WriteProcessMemory request was completed. (0x12B)
[0307/203953.616:ERROR:process_memory_win.cc(73)] ReadMemory at 0x26d37025b90 of 1012 bytes failed: Only part of a ReadProcessMemory or WriteProcessMemory request was completed. (0x12B)
[0307/203953.616:ERROR:process_memory_win.cc(73)] ReadMemory at 0x26d370261b8 of 118 bytes failed: Only part of a ReadProcessMemory or WriteProcessMemory request was completed. (0x12B)
[0307/203953.616:ERROR:process_memory_win.cc(73)] ReadMemory at 0x26d37026230 of 1046 bytes failed: Only part of a ReadProcessMemory or WriteProcessMemory request was completed. (0x12B)
[0307/203953.616:ERROR:process_memory_win.cc(73)] ReadMemory at 0x26d37026648 of 118 bytes failed: Only part of a ReadProcessMemory or WriteProcessMemory request was completed. (0x12B)
[0307/203953.616:ERROR:process_memory_win.cc(73)] ReadMemory at 0x26d370266c0 of 96 bytes failed: Only part of a ReadProcessMemory or WriteProcessMemory request was completed. (0x12B)
[0307/203953.616:ERROR:process_memory_win.cc(73)] ReadMemory at 0x26d37026730 of 58 bytes failed: Only part of a ReadProcessMemory or WriteProcessMemory request was completed. (0x12B)
[0307/203953.616:ERROR:process_memory_win.cc(73)] ReadMemory at 0x26d37026830 of 132 bytes failed: Only part of a ReadProcessMemory or WriteProcessMemory request was completed. (0x12B)
[0307/203953.616:ERROR:process_memory_win.cc(73)] ReadMemory at 0x26d370269c0 of 132 bytes failed: Only part of a ReadProcessMemory or WriteProcessMemory request was completed. (0x12B)
[0307/203953.616:ERROR:process_memory_win.cc(73)] ReadMemory at 0x26d37026b80 of 126 bytes failed: Only part of a ReadProcessMemory or WriteProcessMemory request was completed. (0x12B)
[0307/203953.616:ERROR:process_memory_win.cc(73)] ReadMemory at 0x26d370273f0 of 132 bytes failed: Only part of a ReadProcessMemory or WriteProcessMemory request was completed. (0x12B)
[0307/203953.617:ERROR:process_memory_win.cc(73)] ReadMemory at 0x26d37027580 of 64 bytes failed: Only part of a ReadProcessMemory or WriteProcessMemory request was completed. (0x12B)
[0307/203953.617:ERROR:process_memory_win.cc(73)] ReadMemory at 0x26d370275d0 of 132 bytes failed: Only part of a ReadProcessMemory or WriteProcessMemory request was completed. (0x12B)
[0307/203953.617:ERROR:process_memory_win.cc(73)] ReadMemory at 0x26d370279e0 of 132 bytes failed: Only part of a ReadProcessMemory or WriteProcessMemory request was completed. (0x12B)
[0307/203953.617:ERROR:process_memory_win.cc(73)] ReadMemory at 0x26d37027b70 of 68 bytes failed: Only part of a ReadProcessMemory or WriteProcessMemory request was completed. (0x12B)
[0307/203953.617:ERROR:process_memory_win.cc(73)] ReadMemory at 0x26d37030960 of 132 bytes failed: Only part of a ReadProcessMemory or WriteProcessMemory request was completed. (0x12B)
[0307/203953.617:ERROR:process_memory_win.cc(73)] ReadMemory at 0x26d37030b70 of 132 bytes failed: Only part of a ReadProcessMemory or WriteProcessMemory request was completed. (0x12B)
[0307/203953.617:ERROR:process_memory_win.cc(73)] ReadMemory at 0x26d37031030 of 132 bytes failed: Only part of a ReadProcessMemory or WriteProcessMemory request was completed. (0x12B)
[0307/203954.315:ERROR:process_memory_win.cc(73)] ReadMemory at 0x26d37035020 of 60 bytes failed: Only part of a ReadProcessMemory or WriteProcessMemory request was completed. (0x12B)
[0307/203954.316:ERROR:process_memory_win.cc(73)] ReadMemory at 0x26d37035070 of 62 bytes failed: Only part of a ReadProcessMemory or WriteProcessMemory request was completed. (0x12B)
[0307/203954.316:ERROR:process_memory_win.cc(73)] ReadMemory at 0x26d370350c0 of 64 bytes failed: Only part of a ReadProcessMemory or WriteProcessMemory request was completed. (0x12B)
[0307/203954.316:ERROR:process_memory_win.cc(73)] ReadMemory at 0x26d37035110 of 64 bytes failed: Only part of a ReadProcessMemory or WriteProcessMemory request was completed. (0x12B)
[0307/203954.316:ERROR:process_memory_win.cc(73)] ReadMemory at 0x26d370351b0 of 64 bytes failed: Only part of a ReadProcessMemory or WriteProcessMemory request was completed. (0x12B)
[0307/203954.316:ERROR:process_memory_win.cc(73)] ReadMemory at 0x26d37035250 of 62 bytes failed: Only part of a ReadProcessMemory or WriteProcessMemory request was completed. (0x12B)
[0307/203954.316:ERROR:process_memory_win.cc(73)] ReadMemory at 0x26d370352a0 of 58 bytes failed: Only part of a ReadProcessMemory or WriteProcessMemory request was completed. (0x12B)
[0307/203954.316:ERROR:process_memory_win.cc(73)] ReadMemory at 0x26d37035340 of 60 bytes failed: Only part of a ReadProcessMemory or WriteProcessMemory request was completed. (0x12B)
[0307/203954.316:ERROR:process_memory_win.cc(73)] ReadMemory at 0x26d37035390 of 60 bytes failed: Only part of a ReadProcessMemory or WriteProcessMemory request was completed. (0x12B)
[0307/203954.316:ERROR:process_memory_win.cc(73)] ReadMemory at 0x26d370353e0 of 64 bytes failed: Only part of a ReadProcessMemory or WriteProcessMemory request was completed. (0x12B)
[0307/203954.317:ERROR:process_memory_win.cc(73)] ReadMemory at 0x26d37035430 of 64 bytes failed: Only part of a ReadProcessMemory or WriteProcessMemory request was completed. (0x12B)
[0307/203954.317:ERROR:process_memory_win.cc(73)] ReadMemory at 0x26d37035480 of 62 bytes failed: Only part of a ReadProcessMemory or WriteProcessMemory request was completed. (0x12B)
[0307/203954.317:ERROR:process_memory_win.cc(73)] ReadMemory at 0x26d370354d0 of 58 bytes failed: Only part of a ReadProcessMemory or WriteProcessMemory request was completed. (0x12B)
[0307/203954.317:ERROR:process_memory_win.cc(73)] ReadMemory at 0x26d37035520 of 62 bytes failed: Only part of a ReadProcessMemory or WriteProcessMemory request was completed. (0x12B)
[0307/203954.317:ERROR:process_memory_win.cc(73)] ReadMemory at 0x26d37035570 of 66 bytes failed: Only part of a ReadProcessMemory or WriteProcessMemory request was completed. (0x12B)
[0307/203954.317:ERROR:process_memory_win.cc(73)] ReadMemory at 0x26d370355c0 of 60 bytes failed: Only part of a ReadProcessMemory or WriteProcessMemory request was completed. (0x12B)
[0307/203954.317:ERROR:process_memory_win.cc(73)] ReadMemory at 0x26d37035610 of 62 bytes failed: Only part of a ReadProcessMemory or WriteProcessMemory request was completed. (0x12B)
[0307/203954.317:ERROR:process_memory_win.cc(73)] ReadMemory at 0x26d37035660 of 62 bytes failed: Only part of a ReadProcessMemory or WriteProcessMemory request was completed. (0x12B)
[0307/203954.318:ERROR:process_memory_win.cc(73)] ReadMemory at 0x26d370356b0 of 60 bytes failed: Only part of a ReadProcessMemory or WriteProcessMemory request was completed. (0x12B)
[0307/203954.318:ERROR:process_memory_win.cc(73)] ReadMemory at 0x26d37035700 of 62 bytes failed: Only part of a ReadProcessMemory or WriteProcessMemory request was completed. (0x12B)
[0307/203954.318:ERROR:process_memory_win.cc(73)] ReadMemory at 0x26d37035750 of 66 bytes failed: Only part of a ReadProcessMemory or WriteProcessMemory request was completed. (0x12B)
[0307/203954.318:ERROR:process_memory_win.cc(73)] ReadMemory at 0x26d37035f40 of 78 bytes failed: Only part of a ReadProcessMemory or WriteProcessMemory request was completed. (0x12B)
[0307/203954.318:ERROR:process_memory_win.cc(73)] ReadMemory at 0x26d37036060 of 80 bytes failed: Only part of a ReadProcessMemory or WriteProcessMemory request was completed. (0x12B)
[0307/203954.318:ERROR:process_memory_win.cc(73)] ReadMemory at 0x26d370380f0 of 132 bytes failed: Only part of a ReadProcessMemory or WriteProcessMemory request was completed. (0x12B)
[0307/203954.318:ERROR:process_memory_win.cc(73)] ReadMemory at 0x26d37038420 of 132 bytes failed: Only part of a ReadProcessMemory or WriteProcessMemory request was completed. (0x12B)
[0307/203954.318:ERROR:process_memory_win.cc(73)] ReadMemory at 0x26d37038550 of 158 bytes failed: Only part of a ReadProcessMemory or WriteProcessMemory request was completed. (0x12B)
[0307/203954.318:ERROR:process_memory_win.cc(73)] ReadMemory at 0x26d37039630 of 132 bytes failed: Only part of a ReadProcessMemory or WriteProcessMemory request was completed. (0x12B)
[0307/203954.318:ERROR:process_memory_win.cc(73)] ReadMemory at 0x26d370399c0 of 132 bytes failed: Only part of a ReadProcessMemory or WriteProcessMemory request was completed. (0x12B)
[0307/203954.319:ERROR:process_memory_win.cc(73)] ReadMemory at 0x26d37039cb0 of 132 bytes failed: Only part of a ReadProcessMemory or WriteProcessMemory request was completed. (0x12B)
[0307/203954.319:ERROR:process_memory_win.cc(73)] ReadMemory at 0x26d3703a080 of 132 bytes failed: Only part of a ReadProcessMemory or WriteProcessMemory request was completed. (0x12B)
[0307/203954.319:ERROR:process_memory_win.cc(73)] ReadMemory at 0x26d3703a2d0 of 132 bytes failed: Only part of a ReadProcessMemory or WriteProcessMemory request was completed. (0x12B)
[0307/203954.319:ERROR:process_memory_win.cc(73)] ReadMemory at 0x26d3703a400 of 246 bytes failed: Only part of a ReadProcessMemory or WriteProcessMemory request was completed. (0x12B)
[0307/203954.319:ERROR:process_memory_win.cc(73)] ReadMemory at 0x26d3703a7d0 of 132 bytes failed: Only part of a ReadProcessMemory or WriteProcessMemory request was completed. (0x12B)
[0307/203954.319:ERROR:process_memory_win.cc(73)] ReadMemory at 0x26d3703aa30 of 132 bytes failed: Only part of a ReadProcessMemory or WriteProcessMemory request was completed. (0x12B)
[0307/203954.319:ERROR:process_memory_win.cc(73)] ReadMemory at 0x26d3703ab60 of 132 bytes failed: Only part of a ReadProcessMemory or WriteProcessMemory request was completed. (0x12B)
[0307/203954.319:ERROR:process_memory_win.cc(73)] ReadMemory at 0x26d3703ac90 of 132 bytes failed: Only part of a ReadProcessMemory or WriteProcessMemory request was completed. (0x12B)
[0307/203954.319:ERROR:process_memory_win.cc(73)] ReadMemory at 0x26d3703adc0 of 132 bytes failed: Only part of a ReadProcessMemory or WriteProcessMemory request was completed. (0x12B)
[0307/203954.320:ERROR:process_memory_win.cc(73)] ReadMemory at 0x26d3703aef0 of 132 bytes failed: Only part of a ReadProcessMemory or WriteProcessMemory request was completed. (0x12B)
[0307/203954.438:ERROR:process_memory_win.cc(73)] ReadMemory at 0x26d3703b020 of 132 bytes failed: Only part of a ReadProcessMemory or WriteProcessMemory request was completed. (0x12B)
[0307/203954.439:ERROR:process_memory_win.cc(73)] ReadMemory at 0x26d3703b150 of 132 bytes failed: Only part of a ReadProcessMemory or WriteProcessMemory request was completed. (0x12B)
[0307/203954.439:ERROR:process_memory_win.cc(73)] ReadMemory at 0x26d3703b280 of 132 bytes failed: Only part of a ReadProcessMemory or WriteProcessMemory request was completed. (0x12B)
[0307/203954.439:ERROR:process_memory_win.cc(73)] ReadMemory at 0x26d3703b3b0 of 132 bytes failed: Only part of a ReadProcessMemory or WriteProcessMemory request was completed. (0x12B)
[0307/203954.439:ERROR:process_memory_win.cc(73)] ReadMemory at 0x26d3703b4e0 of 132 bytes failed: Only part of a ReadProcessMemory or WriteProcessMemory request was completed. (0x12B)
[0307/203954.439:ERROR:process_memory_win.cc(73)] ReadMemory at 0x26d3703b610 of 132 bytes failed: Only part of a ReadProcessMemory or WriteProcessMemory request was completed. (0x12B)
[0307/203954.439:ERROR:process_memory_win.cc(73)] ReadMemory at 0x26d3703b740 of 132 bytes failed: Only part of a ReadProcessMemory or WriteProcessMemory request was completed. (0x12B)
[0307/203954.439:ERROR:process_memory_win.cc(73)] ReadMemory at 0x26d3703b870 of 132 bytes failed: Only part of a ReadProcessMemory or WriteProcessMemory request was completed. (0x12B)
[0307/203954.439:ERROR:process_memory_win.cc(73)] ReadMemory at 0x26d3703cb00 of 76 bytes failed: Only part of a ReadProcessMemory or WriteProcessMemory request was completed. (0x12B)
[0307/203954.439:ERROR:process_memory_win.cc(73)] ReadMemory at 0x26d3703e190 of 132 bytes failed: Only part of a ReadProcessMemory or WriteProcessMemory request was completed. (0x12B)
[0307/203954.439:ERROR:process_memory_win.cc(73)] ReadMemory at 0x26d3703e2c0 of 132 bytes failed: Only part of a ReadProcessMemory or WriteProcessMemory request was completed. (0x12B)
[0307/203954.439:ERROR:process_memory_win.cc(73)] ReadMemory at 0x26d3703e3f0 of 132 bytes failed: Only part of a ReadProcessMemory or WriteProcessMemory request was completed. (0x12B)
[0307/203954.439:ERROR:process_memory_win.cc(73)] ReadMemory at 0x26d3703e520 of 132 bytes failed: Only part of a ReadProcessMemory or WriteProcessMemory request was completed. (0x12B)
[0307/203954.439:ERROR:process_memory_win.cc(73)] ReadMemory at 0x26d3703e650 of 132 bytes failed: Only part of a ReadProcessMemory or WriteProcessMemory request was completed. (0x12B)
[0307/203954.439:ERROR:process_memory_win.cc(73)] ReadMemory at 0x26d3703e780 of 132 bytes failed: Only part of a ReadProcessMemory or WriteProcessMemory request was completed. (0x12B)
[0307/203954.440:ERROR:process_memory_win.cc(73)] ReadMemory at 0x26d3703e8b0 of 132 bytes failed: Only part of a ReadProcessMemory or WriteProcessMemory request was completed. (0x12B)
[0307/203954.440:ERROR:process_memory_win.cc(73)] ReadMemory at 0x26d3703e9e0 of 132 bytes failed: Only part of a ReadProcessMemory or WriteProcessMemory request was completed. (0x12B)
[0307/203954.440:ERROR:process_memory_win.cc(73)] ReadMemory at 0x26d3703ec40 of 132 bytes failed: Only part of a ReadProcessMemory or WriteProcessMemory request was completed. (0x12B)
[0307/203954.440:ERROR:process_memory_win.cc(73)] ReadMemory at 0x26d3703ed70 of 132 bytes failed: Only part of a ReadProcessMemory or WriteProcessMemory request was completed. (0x12B)
[0307/203954.440:ERROR:process_memory_win.cc(73)] ReadMemory at 0x26d3703eea0 of 132 bytes failed: Only part of a ReadProcessMemory or WriteProcessMemory request was completed. (0x12B)
[0307/203954.440:ERROR:process_memory_win.cc(73)] ReadMemory at 0x26d3703efd0 of 132 bytes failed: Only part of a ReadProcessMemory or WriteProcessMemory request was completed. (0x12B)
[0307/203954.440:ERROR:process_memory_win.cc(73)] ReadMemory at 0x26d3703f100 of 132 bytes failed: Only part of a ReadProcessMemory or WriteProcessMemory request was completed. (0x12B)
[0307/203954.440:ERROR:process_memory_win.cc(73)] ReadMemory at 0x26d3703f230 of 132 bytes failed: Only part of a ReadProcessMemory or WriteProcessMemory request was completed. (0x12B)
[0307/203954.440:ERROR:process_memory_win.cc(73)] ReadMemory at 0x26d3703f360 of 132 bytes failed: Only part of a ReadProcessMemory or WriteProcessMemory request was completed. (0x12B)
[0307/203954.440:ERROR:process_memory_win.cc(73)] ReadMemory at 0x26d3703f490 of 132 bytes failed: Only part of a ReadProcessMemory or WriteProcessMemory request was completed. (0x12B)
[0307/203954.440:ERROR:process_memory_win.cc(73)] ReadMemory at 0x26d3703f5c0 of 132 bytes failed: Only part of a ReadProcessMemory or WriteProcessMemory request was completed. (0x12B)
[0307/203954.440:ERROR:process_memory_win.cc(73)] ReadMemory at 0x26d3703f6f0 of 132 bytes failed: Only part of a ReadProcessMemory or WriteProcessMemory request was completed. (0x12B)
[0307/203954.440:ERROR:process_memory_win.cc(73)] ReadMemory at 0x26d3703f820 of 132 bytes failed: Only part of a ReadProcessMemory or WriteProcessMemory request was completed. (0x12B)
[0307/203954.440:ERROR:process_memory_win.cc(73)] ReadMemory at 0x26d3703f950 of 132 bytes failed: Only part of a ReadProcessMemory or WriteProcessMemory request was completed. (0x12B)
[0307/203954.440:ERROR:process_memory_win.cc(73)] ReadMemory at 0x26d3703fa80 of 132 bytes failed: Only part of a ReadProcessMemory or WriteProcessMemory request was completed. (0x12B)
[0307/203954.440:ERROR:process_memory_win.cc(73)] ReadMemory at 0x26d3703fbb0 of 132 bytes failed: Only part of a ReadProcessMemory or WriteProcessMemory request was completed. (0x12B)
[0307/203954.440:ERROR:process_memory_win.cc(73)] ReadMemory at 0x26d3703fce0 of 132 bytes failed: Only part of a ReadProcessMemory or WriteProcessMemory request was completed. (0x12B)
[0307/203954.440:ERROR:process_memory_win.cc(73)] ReadMemory at 0x26d3703fe10 of 132 bytes failed: Only part of a ReadProcessMemory or WriteProcessMemory request was completed. (0x12B)
[0307/203954.441:ERROR:process_memory_win.cc(73)] ReadMemory at 0x26d3703ff40 of 132 bytes failed: Only part of a ReadProcessMemory or WriteProcessMemory request was completed. (0x12B)
[0307/203954.441:ERROR:process_memory_win.cc(73)] ReadMemory at 0x26d37040230 of 154 bytes failed: Only part of a ReadProcessMemory or WriteProcessMemory request was completed. (0x12B)
[0307/203954.441:ERROR:process_memory_win.cc(73)] ReadMemory at 0x26d37040b50 of 62 bytes failed: Only part of a ReadProcessMemory or WriteProcessMemory request was completed. (0x12B)
[0307/203954.441:ERROR:process_memory_win.cc(73)] ReadMemory at 0x26d37040c40 of 66 bytes failed: Only part of a ReadProcessMemory or WriteProcessMemory request was completed. (0x12B)
[0307/203954.441:ERROR:process_memory_win.cc(73)] ReadMemory at 0x26d37040fb0 of 58 bytes failed: Only part of a ReadProcessMemory or WriteProcessMemory request was completed. (0x12B)
[0307/203954.441:ERROR:process_memory_win.cc(73)] ReadMemory at 0x26d37041550 of 66 bytes failed: Only part of a ReadProcessMemory or WriteProcessMemory request was completed. (0x12B)
[0307/203954.441:ERROR:process_memory_win.cc(73)] ReadMemory at 0x26d37041640 of 58 bytes failed: Only part of a ReadProcessMemory or WriteProcessMemory request was completed. (0x12B)
[0307/203954.441:ERROR:process_memory_win.cc(73)] ReadMemory at 0x26d37041690 of 62 bytes failed: Only part of a ReadProcessMemory or WriteProcessMemory request was completed. (0x12B)
[0307/203954.441:ERROR:process_memory_win.cc(73)] ReadMemory at 0x26d37041ef0 of 512 bytes failed: Only part of a ReadProcessMemory or WriteProcessMemory request was completed. (0x12B)
[0307/203954.441:ERROR:process_memory_win.cc(73)] ReadMemory at 0x26d37051d60 of 54 bytes failed: Only part of a ReadProcessMemory or WriteProcessMemory request was completed. (0x12B)
[0307/203954.441:ERROR:process_memory_win.cc(73)] ReadMemory at 0x26d37052cd0 of 60 bytes failed: Only part of a ReadProcessMemory or WriteProcessMemory request was completed. (0x12B)
[0307/203954.441:ERROR:process_memory_win.cc(73)] ReadMemory at 0x26d37052d20 of 60 bytes failed: Only part of a ReadProcessMemory or WriteProcessMemory request was completed. (0x12B)
[0307/203954.441:ERROR:process_memory_win.cc(73)] ReadMemory at 0x26d37052f00 of 64 bytes failed: Only part of a ReadProcessMemory or WriteProcessMemory request was completed. (0x12B)
[0307/203954.441:ERROR:process_memory_win.cc(73)] ReadMemory at 0x26d37052f50 of 64 bytes failed: Only part of a ReadProcessMemory or WriteProcessMemory request was completed. (0x12B)
[0307/203954.441:ERROR:process_memory_win.cc(73)] ReadMemory at 0x26d37052ff0 of 62 bytes failed: Only part of a ReadProcessMemory or WriteProcessMemory request was completed. (0x12B)
[0307/203954.441:ERROR:process_memory_win.cc(73)] ReadMemory at 0x26d37053090 of 60 bytes failed: Only part of a ReadProcessMemory or WriteProcessMemory request was completed. (0x12B)
[0307/203954.441:ERROR:process_memory_win.cc(73)] ReadMemory at 0x26d370530e0 of 60 bytes failed: Only part of a ReadProcessMemory or WriteProcessMemory request was completed. (0x12B)
[0307/203954.441:ERROR:process_memory_win.cc(73)] ReadMemory at 0x26d370532c0 of 62 bytes failed: Only part of a ReadProcessMemory or WriteProcessMemory request was completed. (0x12B)
[0307/203954.441:ERROR:process_memory_win.cc(73)] ReadMemory at 0x26d37053360 of 64 bytes failed: Only part of a ReadProcessMemory or WriteProcessMemory request was completed. (0x12B)
[0307/203954.442:ERROR:process_memory_win.cc(73)] ReadMemory at 0x26d370533b0 of 64 bytes failed: Only part of a ReadProcessMemory or WriteProcessMemory request was completed. (0x12B)
[0307/203954.442:ERROR:process_memory_win.cc(73)] ReadMemory at 0x26d37053630 of 60 bytes failed: Only part of a ReadProcessMemory or WriteProcessMemory request was completed. (0x12B)
[0307/203954.442:ERROR:process_memory_win.cc(73)] ReadMemory at 0x26d37053680 of 62 bytes failed: Only part of a ReadProcessMemory or WriteProcessMemory request was completed. (0x12B)
[0307/203954.442:ERROR:process_memory_win.cc(73)] ReadMemory at 0x26d37053720 of 58 bytes failed: Only part of a ReadProcessMemory or WriteProcessMemory request was completed. (0x12B)
[0307/203954.442:ERROR:process_memory_win.cc(73)] ReadMemory at 0x26d37053770 of 62 bytes failed: Only part of a ReadProcessMemory or WriteProcessMemory request was completed. (0x12B)
[0307/203954.442:ERROR:process_memory_win.cc(73)] ReadMemory at 0x26d37053860 of 62 bytes failed: Only part of a ReadProcessMemory or WriteProcessMemory request was completed. (0x12B)
[0307/203954.442:ERROR:process_memory_win.cc(73)] ReadMemory at 0x26d37053900 of 64 bytes failed: Only part of a ReadProcessMemory or WriteProcessMemory request was completed. (0x12B)
[0307/203954.442:ERROR:process_memory_win.cc(73)] ReadMemory at 0x26d370539a0 of 56 bytes failed: Only part of a ReadProcessMemory or WriteProcessMemory request was completed. (0x12B)
[0307/203954.442:ERROR:process_memory_win.cc(73)] ReadMemory at 0x26d37053ae0 of 58 bytes failed: Only part of a ReadProcessMemory or WriteProcessMemory request was completed. (0x12B)
[0307/203954.442:ERROR:process_memory_win.cc(73)] ReadMemory at 0x26d37053bd0 of 64 bytes failed: Only part of a ReadProcessMemory or WriteProcessMemory request was completed. (0x12B)
[0307/203954.442:ERROR:process_memory_win.cc(73)] ReadMemory at 0x26d37053c20 of 60 bytes failed: Only part of a ReadProcessMemory or WriteProcessMemory request was completed. (0x12B)
[0307/203954.442:ERROR:process_memory_win.cc(73)] ReadMemory at 0x26d37058740 of 512 bytes failed: Only part of a ReadProcessMemory or WriteProcessMemory request was completed. (0x12B)
[0307/203954.442:ERROR:process_memory_win.cc(73)] ReadMemory at 0x26d37059c90 of 132 bytes failed: Only part of a ReadProcessMemory or WriteProcessMemory request was completed. (0x12B)
[0307/203954.442:ERROR:process_memory_win.cc(73)] ReadMemory at 0x26d37059ef0 of 132 bytes failed: Only part of a ReadProcessMemory or WriteProcessMemory request was completed. (0x12B)
[0307/203954.442:ERROR:process_memory_win.cc(73)] ReadMemory at 0x26d3705a870 of 132 bytes failed: Only part of a ReadProcessMemory or WriteProcessMemory request was completed. (0x12B)
[0307/203954.443:ERROR:process_memory_win.cc(73)] ReadMemory at 0x26d3705ae60 of 132 bytes failed: Only part of a ReadProcessMemory or WriteProcessMemory request was completed. (0x12B)
[0307/203954.443:ERROR:process_memory_win.cc(73)] ReadMemory at 0x26d3705b6b0 of 132 bytes failed: Only part of a ReadProcessMemory or WriteProcessMemory request was completed. (0x12B)
[0307/203954.443:ERROR:process_memory_win.cc(73)] ReadMemory at 0x26d3705c630 of 62 bytes failed: Only part of a ReadProcessMemory or WriteProcessMemory request was completed. (0x12B)
[0307/203954.443:ERROR:process_memory_win.cc(73)] ReadMemory at 0x26d3706ea40 of 512 bytes failed: Only part of a ReadProcessMemory or WriteProcessMemory request was completed. (0x12B)
[0307/203954.443:ERROR:process_memory_win.cc(73)] ReadMemory at 0x26d37072b20 of 512 bytes failed: Only part of a ReadProcessMemory or WriteProcessMemory request was completed. (0x12B)
[0307/203954.443:ERROR:process_memory_win.cc(73)] ReadMemory at 0x26d3707fc70 of 512 bytes failed: Only part of a ReadProcessMemory or WriteProcessMemory request was completed. (0x12B)
[0307/203954.443:ERROR:process_memory_win.cc(73)] ReadMemory at 0x26d377ab776 of 686 bytes failed: Only part of a ReadProcessMemory or WriteProcessMemory request was completed. (0x12B)
[0307/203954.443:ERROR:process_memory_win.cc(73)] ReadMemory at 0x26d37b1ae8f of 512 bytes failed: Only part of a ReadProcessMemory or WriteProcessMemory request was completed. (0x12B)
[0307/203954.443:ERROR:process_memory_win.cc(73)] ReadMemory at 0x26d37bc26ae of 512 bytes failed: Only part of a ReadProcessMemory or WriteProcessMemory request was completed. (0x12B)
[0307/203954.443:ERROR:process_memory_win.cc(73)] ReadMemory at 0x26d38faba65 of 705 bytes failed: Only part of a ReadProcessMemory or WriteProcessMemory request was completed. (0x12B)
[0307/203954.443:ERROR:process_memory_win.cc(73)] ReadMemory at 0x26d3bfb7529 of 512 bytes failed: Only part of a ReadProcessMemory or WriteProcessMemory request was completed. (0x12B)
[0307/203954.443:ERROR:process_memory_win.cc(73)] ReadMemory at 0x26d3d1e88c0 of 512 bytes failed: Only part of a ReadProcessMemory or WriteProcessMemory request was completed. (0x12B)
[0307/203954.443:ERROR:process_memory_win.cc(73)] ReadMemory at 0x26d3d1ec480 of 512 bytes failed: Only part of a ReadProcessMemory or WriteProcessMemory request was completed. (0x12B)
[0307/203954.443:ERROR:process_memory_win.cc(73)] ReadMemory at 0x26d3d216860 of 512 bytes failed: Only part of a ReadProcessMemory or WriteProcessMemory request was completed. (0x12B)
[0307/203954.443:ERROR:process_memory_win.cc(73)] ReadMemory at 0x26d3d216c20 of 1472 bytes failed: Only part of a ReadProcessMemory or WriteProcessMemory request was completed. (0x12B)
[0307/203954.443:ERROR:process_memory_win.cc(73)] ReadMemory at 0x26d3d21db00 of 512 bytes failed: Only part of a ReadProcessMemory or WriteProcessMemory request was completed. (0x12B)
[0307/203954.443:ERROR:process_memory_win.cc(73)] ReadMemory at 0x26d3d2239d0 of 696 bytes failed: Only part of a ReadProcessMemory or WriteProcessMemory request was completed. (0x12B)
[0307/203954.444:ERROR:process_memory_win.cc(73)] ReadMemory at 0x26d3d22c310 of 512 bytes failed: Only part of a ReadProcessMemory or WriteProcessMemory request was completed. (0x12B)
[0307/203954.444:ERROR:process_memory_win.cc(73)] ReadMemory at 0x26d3d245480 of 512 bytes failed: Only part of a ReadProcessMemory or WriteProcessMemory request was completed. (0x12B)
[0307/203954.444:ERROR:process_memory_win.cc(73)] ReadMemory at 0x26d3d27dec0 of 512 bytes failed: Only part of a ReadProcessMemory or WriteProcessMemory request was completed. (0x12B)
[0307/203954.444:ERROR:process_memory_win.cc(73)] ReadMemory at 0x26d3faa1010 of 512 bytes failed: Only part of a ReadProcessMemory or WriteProcessMemory request was completed. (0x12B)
[0307/203954.444:ERROR:process_memory_win.cc(73)] ReadMemory at 0x26d406fb0e0 of 512 bytes failed: Only part of a ReadProcessMemory or WriteProcessMemory request was completed. (0x12B)
[0307/203954.444:ERROR:process_memory_win.cc(73)] ReadMemory at 0x26d40afac90 of 512 bytes failed: Only part of a ReadProcessMemory or WriteProcessMemory request was completed. (0x12B)
[0307/203954.444:ERROR:process_memory_win.cc(73)] ReadMemory at 0x26d40df3ec0 of 512 bytes failed: Only part of a ReadProcessMemory or WriteProcessMemory request was completed. (0x12B)
[0307/203954.445:ERROR:process_memory_win.cc(73)] ReadMemory at 0x26d42a27d58 of 568 bytes failed: Only part of a ReadProcessMemory or WriteProcessMemory request was completed. (0x12B)
[0307/203954.445:ERROR:process_memory_win.cc(73)] ReadMemory at 0x26d42b9e180 of 512 bytes failed: Only part of a ReadProcessMemory or WriteProcessMemory request was completed. (0x12B)
[0307/203954.445:ERROR:process_memory_win.cc(73)] ReadMemory at 0x26d42e3dfd0 of 512 bytes failed: Only part of a ReadProcessMemory or WriteProcessMemory request was completed. (0x12B)
[0307/203954.445:ERROR:process_memory_win.cc(73)] ReadMemory at 0x26d48688da0 of 528 bytes failed: Only part of a ReadProcessMemory or WriteProcessMemory request was completed. (0x12B)
[0307/203954.445:ERROR:process_memory_win.cc(73)] ReadMemory at 0x26d499f0000 of 512 bytes failed: Only part of a ReadProcessMemory or WriteProcessMemory request was completed. (0x12B)
[0307/203954.445:ERROR:process_memory_win.cc(73)] ReadMemory at 0xb32e1a19430 of 512 bytes failed: Only part of a ReadProcessMemory or WriteProcessMemory request was completed. (0x12B)
[0307/203954.446:ERROR:process_memory_win.cc(73)] ReadMemory at 0x159193801839 of 512 bytes failed: Only part of a ReadProcessMemory or WriteProcessMemory request was completed. (0x12B)
[0307/203954.446:ERROR:process_memory_win.cc(73)] ReadMemory at 0x173f3c3d2380 of 680 bytes failed: Only part of a ReadProcessMemory or WriteProcessMemory request was completed. (0x12B)
[0307/203954.467:ERROR:process_memory_win.cc(73)] ReadMemory at 0x1b9a18bac169 of 512 bytes failed: Only part of a ReadProcessMemory or WriteProcessMemory request was completed. (0x12B)
[0307/203954.467:ERROR:process_memory_win.cc(73)] ReadMemory at 0x1b9a18bbcce9 of 512 bytes failed: Only part of a ReadProcessMemory or WriteProcessMemory request was completed. (0x12B)
[0307/203954.467:ERROR:process_memory_win.cc(73)] ReadMemory at 0x3482f0f1a920 of 544 bytes failed: Only part of a ReadProcessMemory or WriteProcessMemory request was completed. (0x12B)
[0307/203954.467:ERROR:process_memory_win.cc(73)] ReadMemory at 0x3b21bcc04000 of 384 bytes failed: Only part of a ReadProcessMemory or WriteProcessMemory request was completed. (0x12B)
[0307/203954.468:ERROR:process_memory_win.cc(73)] ReadMemory at 0x48955f41ef28 of 544 bytes failed: Only part of a ReadProcessMemory or WriteProcessMemory request was completed. (0x12B)
[0307/203954.687:ERROR:scoped_process_suspend.cc(40)] NtResumeProcess: An attempt was made to access an exiting process. (0xc000010a)
